{"numFailedTestSuites":0,"numFailedTests":0,"numPassedTestSuites":3,"numPassedTests":16,"numPendingTestSuites":0,"numPendingTests":0,"numRuntimeErrorTestSuites":0,"numTodoTests":0,"numTotalTestSuites":3,"numTotalTests":16,"openHandles":[],"snapshot":{"added":0,"didUpdate":false,"failure":false,"filesAdded":0,"filesRemoved":0,"filesRemovedList":[],"filesUnmatched":0,"filesUpdated":0,"matched":0,"total":0,"unchecked":0,"uncheckedKeysByFile":[],"unmatched":0,"updated":0},"startTime":1775147396319,"success":true,"testResults":[{"assertionResults":[{"ancestorTitles":["ChunkManager H3 open-tail specialization"],"failureMessages":[],"fullName":"ChunkManager H3 open-tail specialization normalizes open tail and merges canonical go-to target","location":null,"status":"passed","title":"normalizes open tail and merges canonical go-to target"},{"ancestorTitles":["ChunkManager H3 open-tail specialization"],"failureMessages":[],"fullName":"ChunkManager H3 open-tail specialization normalizes open tail and merges canonical open target","location":null,"status":"passed","title":"normalizes open tail and merges canonical open target"},{"ancestorTitles":["ChunkManager H3 open-tail specialization"],"failureMessages":[],"fullName":"ChunkManager H3 open-tail specialization arms open strategy then rejects malformed target with no executable merged output","location":null,"status":"passed","title":"arms open strategy then rejects malformed target with no executable merged output"},{"ancestorTitles":["ChunkManager H3 open-tail specialization"],"failureMessages":[],"fullName":"ChunkManager H3 open-tail specialization rejects app-like ambiguous open target as non-executable (text kind)","location":null,"status":"passed","title":"rejects app-like ambiguous open target as non-executable (text kind)"},{"ancestorTitles":["ChunkManager H3 open-tail specialization"],"failureMessages":[],"fullName":"ChunkManager H3 open-tail specialization rejects malformed domain-like open target as non-executable (domain kind)","location":null,"status":"passed","title":"rejects malformed domain-like open target as non-executable (domain kind)"},{"ancestorTitles":["ChunkManager H3 open-tail specialization"],"failureMessages":[],"fullName":"ChunkManager H3 open-tail specialization falls back to full finalize when open prefix is armed but transcript hint mismatches","location":null,"status":"passed","title":"falls back to full finalize when open prefix is armed but transcript hint mismatches"},{"ancestorTitles":["ChunkManager H3 open-tail specialization"],"failureMessages":[],"fullName":"ChunkManager H3 open-tail specialization selects open strategy only after atlas-backed geometric open prefix activation","location":null,"status":"passed","title":"selects open strategy only after atlas-backed geometric open prefix activation"}],"endTime":1775147400597,"message":"","name":"/home/irbsurfer/Projects/arqon/ArqonMaestro/maestro/client/src/test/audio/chunk-manager-h3-open-tail.unit.spec.ts","startTime":1775147396367,"status":"passed","summary":""},{"assertionResults":[{"ancestorTitles":["VoiceSemanticAddressRegistry"],"failureMessages":[],"fullName":"VoiceSemanticAddressRegistry registers governed v1 command trajectories and returns warm lookup hits","location":null,"status":"passed","title":"registers governed v1 command trajectories and returns warm lookup hits"},{"ancestorTitles":["VoiceSemanticAddressRegistry"],"failureMessages":[],"fullName":"VoiceSemanticAddressRegistry does not register when governance is not granted","location":null,"status":"passed","title":"does not register when governance is not granted"},{"ancestorTitles":["VoiceSemanticAddressRegistry"],"failureMessages":[],"fullName":"VoiceSemanticAddressRegistry refreshes existing semantic address on repeat governed success","location":null,"status":"passed","title":"refreshes existing semantic address on repeat governed success"},{"ancestorTitles":["VoiceSemanticAddressRegistry"],"failureMessages":[],"fullName":"VoiceSemanticAddressRegistry returns warm miss on atlas incompatibility and cleanly continues","location":null,"status":"passed","title":"returns warm miss on atlas incompatibility and cleanly continues"},{"ancestorTitles":["VoiceSemanticAddressRegistry"],"failureMessages":[],"fullName":"VoiceSemanticAddressRegistry uses provisional warm thresholds and measures slot-index acceleration","location":null,"status":"passed","title":"uses provisional warm thresholds and measures slot-index acceleration"}],"endTime":1775147400700,"message":"","name":"/home/irbsurfer/Projects/arqon/ArqonMaestro/maestro/client/src/test/audio/voice-semantic-address-registry.unit.spec.ts","startTime":1775147400613,"status":"passed","summary":""},{"assertionResults":[{"ancestorTitles":["ChunkManager H3 numeric tail specialization"],"failureMessages":[],"fullName":"ChunkManager H3 numeric tail specialization normalizes numeric tail and merges canonical transcript","location":null,"status":"passed","title":"normalizes numeric tail and merges canonical transcript"},{"ancestorTitles":["ChunkManager H3 numeric tail specialization"],"failureMessages":[],"fullName":"ChunkManager H3 numeric tail specialization rejects malformed numeric tails, blocks execution, and avoids finalize fallback","location":null,"status":"passed","title":"rejects malformed numeric tails, blocks execution, and avoids finalize fallback"},{"ancestorTitles":["ChunkManager H3 numeric tail specialization"],"failureMessages":[],"fullName":"ChunkManager H3 numeric tail specialization rejects required malformed-tail cases by normalization or hint guard","location":null,"status":"passed","title":"rejects required malformed-tail cases by normalization or hint guard"},{"ancestorTitles":["ChunkManager H3 numeric tail specialization"],"failureMessages":[],"fullName":"ChunkManager H3 numeric tail specialization selects numeric strategy only after atlas-backed numeric prefix event","location":null,"status":"passed","title":"selects numeric strategy only after atlas-backed numeric prefix event"}],"endTime":1775147400768,"message":"","name":"/home/irbsurfer/Projects/arqon/ArqonMaestro/maestro/client/src/test/audio/chunk-manager-h3-numeric-tail.unit.spec.ts","startTime":1775147400704,"status":"passed","summary":""}],"wasInterrupted":false}