{"numFailedTestSuites":0,"numFailedTests":0,"numPassedTestSuites":1,"numPassedTests":3,"numPendingTestSuites":0,"numPendingTests":0,"numRuntimeErrorTestSuites":0,"numTodoTests":0,"numTotalTestSuites":1,"numTotalTests":3,"openHandles":[],"snapshot":{"added":0,"didUpdate":false,"failure":false,"filesAdded":0,"filesRemoved":0,"filesRemovedList":[],"filesUnmatched":0,"filesUpdated":0,"matched":0,"total":0,"unchecked":0,"uncheckedKeysByFile":[],"unmatched":0,"updated":0},"startTime":1775145490628,"success":true,"testResults":[{"assertionResults":[{"ancestorTitles":["VoiceSemanticAddressRegistry"],"failureMessages":[],"fullName":"VoiceSemanticAddressRegistry registers governed v1 command trajectories and returns warm lookup hits","location":null,"status":"passed","title":"registers governed v1 command trajectories and returns warm lookup hits"},{"ancestorTitles":["VoiceSemanticAddressRegistry"],"failureMessages":[],"fullName":"VoiceSemanticAddressRegistry does not register when governance is not granted","location":null,"status":"passed","title":"does not register when governance is not granted"},{"ancestorTitles":["VoiceSemanticAddressRegistry"],"failureMessages":[],"fullName":"VoiceSemanticAddressRegistry refreshes existing semantic address on repeat governed success","location":null,"status":"passed","title":"refreshes existing semantic address on repeat governed success"}],"endTime":1775145494466,"message":"","name":"/home/irbsurfer/Projects/arqon/ArqonMaestro/maestro/client/src/test/audio/voice-semantic-address-registry.unit.spec.ts","startTime":1775145490677,"status":"passed","summary":""}],"wasInterrupted":false}